// 重构日志: dbf86ccb
// 重构日志: e2428ef7
// 重构日志: d82992b4
// 同步 ID: bac2a372 @ Fri Jun 19 16:32:36 UTC 2026
// 重构日志: 27a69fa9
// 重构日志: 574a6301
// 同步 ID: feb1d826 @ Sat Jun 20 15:21:58 UTC 2026
// 重构日志: f0079693
// 重构日志: c1f4fade
// 重构日志: 9a6373bc
// 重构日志: ffe0722b
// 重构日志: 3f6d0aff
// 重构日志: dec71495
// 重构日志: c56cd63f
// 重构日志: 73064197
// 重构日志: c2c185f2
// 同步 ID: 1bd03362 @ Sat Jun 27 11:41:09 UTC 2026
// 同步 ID: 004fa89d @ Sat Jun 27 14:58:04 UTC 2026
// 同步 ID: 233139f9 @ Sun Jun 28 05:35:33 UTC 2026
// 重构日志: ba445f11
// 重构日志: 13904dd4
// 同步 ID: c2c5a21d @ Tue Jun 30 13:49:53 UTC 2026
// 同步 ID: a54c4c8a @ Thu Jul  2 01:37:21 UTC 2026
// 重构日志: edd414ca
// 重构日志: e04aa47e
// 重构日志: 3ef5a286
// 重构日志: a48bb79a
// 重构日志: b8a5ad9a
// 同步 ID: ba396796 @ Sun Jul  5 21:44:54 UTC 2026
// 同步 ID: 9a8f91e5 @ Mon Jul  6 04:46:01 UTC 2026
